[mupf] main ┌─< App.__init__/0
[mupf] main └─> App.__init__/0
[mupf] main ┌─< App.__enter__/0
[mupf] main │┌─< App.is_opened/0
[mupf] main │└─> App.is_opened/0                                                       -> False
[mupf] main │┌─< App.open/0
[mupf] serv ││        ┌─< _app.py/event_server_started/0                               <- <websockets.server.WebSocketServer object at 0x00000000036216D8>
[mupf] serv ││        └─> _app.py/event_server_started/0
[mupf] main │└─> App.open/0                                                            -> <App>
[mupf] main │┌─< App.is_opened/1
[mupf] main │└─> App.is_opened/1                                                       -> True
[mupf] main └─> App.__enter__/0                                                        -> <App>
[mupf] main ┌─< App.summon_client/0
[mupf] main │┌─< App.get_unique_client_id/0
[mupf] main │└─> App.get_unique_client_id/0                                            -> 'L9UAh67WSnyLNrN8WwuNAg'
[mupf] main │┌─< Client<WebBrowser ?>.__init__/0                                       <- <App>, 'L9UAh67WSnyLNrN8WwuNAg'
[mupf] main │└─> Client<WebBrowser ?>.__init__/0
[mupf] main │┌─< Client<WebBrowser L9UAh6>.install_javascript/0                        <- src='mupf/core'
[mupf] main ││┌─< Client<WebBrowser L9UAh6>.send_json/0                                <- [0, 1, '*install*', {'args': (), 'kwargs': {'src': 'mupf/core', 'remove': True}}]
[mupf] main ││└─> Client<WebBrowser L9UAh6>.send_json/0
[mupf] main │└─> Client<WebBrowser L9UAh6>.install_javascript/0                        -> <Command *install* 1>
[mupf] serv │         ┌─< Client<WebBrowser L9UAh6>.await_connection/0
[mupf] serv │         │┌─< Client<WebBrowser L9UAh6>.send_json/1                       <- [0, 1, '*install*', {'args': (), 'kwargs': {'src': 'mupf/core', 'remove': True}}]
[mupf] serv │         │└─> Client<WebBrowser L9UAh6>.send_json/1
[mupf] serv │         └─> Client<WebBrowser L9UAh6>.await_connection/0                 -> <WebBrowser L9UAh6>
[mupf] serv │         ┌─< _app.py/websocket_going_to_sleep/0                           <- <websockets.server.WebSocketServerProtocol object at 0x0000000003621EB8>
[mupf] serv │         └─> _app.py/websocket_going_to_sleep/0
[mupf] serv │         ┌─< create_send_task/0                                           <- <_WindowsSelectorEventLoop running=True closed=False debug=False>, <websockets.server.WebSocketServerProtocol object at 0x0000000003621EB8>, '[0,1,"*install*",{"args":[],"kwargs":{"src":"mupf/core","remove":true}}]'
[mupf] serv │         └─> create_send_task/0
[mupf] serv │         ┌─< Client<WebBrowser L9UAh6>.decode_json/0                      <- '[1,1,0,{"result":null}]'
[mupf] serv │         └─> Client<WebBrowser L9UAh6>.decode_json/0                      -> [1, 1, 0, {'result': None}]
[mupf] serv │         ┌─< _app.py/websocket_going_to_sleep/1                           <- <websockets.server.WebSocketServerProtocol object at 0x0000000003621EB8>
[mupf] serv │         └─> _app.py/websocket_going_to_sleep/1
[mupf] main │┌─< Client<WebBrowser L9UAh6>.send_json/2                                 <- [0, 2, '*features*', {'args': (), 'kwargs': {}}]
[mupf] serv ││        ┌─< create_send_task/1                                           <- <_WindowsSelectorEventLoop running=True closed=False debug=False>, <websockets.server.WebSocketServerProtocol object at 0x0000000003621EB8>, '[0,2,"*features*",{"args":[],"kwargs":{}}]'
[mupf] main │└────────┼─> Client<WebBrowser L9UAh6>.send_json/2
[mupf] serv │         └─> create_send_task/1
[mupf] serv │         ┌─< Client<WebBrowser L9UAh6>.decode_json/1                      <- '[1,2,0,{"result":{"_user_feature":true,"core_features":true,"strict_feature_list":false,"verbose_macros":false,"friendly_obj_names":false,"safe_dunders":true,"garbage_collection":true,"test_feature":true,"another_test_feat":false}}]'
[mupf] serv │         └─> Client<WebBrowser L9UAh6>.decode_json/1                      -> [1, 2, 0, {'result': {'_user_feature': True, 'core_features': True, 'strict_feature_list': False, 'verbose_macros': False, 'friendly_obj_names': False, 'safe_dunders': True, 'garbage_collection': True, 'test_feature': True, 'another_test_feat': False}}]
[mupf] serv │         ┌─< _app.py/websocket_going_to_sleep/2                           <- <websockets.server.WebSocketServerProtocol object at 0x0000000003621EB8>
[mupf] main │┌────────┼─< Client<WebBrowser L9UAh6>.send_json/3                        <- [0, 3, '*getcmds*', {'args': (), 'kwargs': {}}]
[mupf] serv ││        └─> _app.py/websocket_going_to_sleep/2
[mupf] main │└─> Client<WebBrowser L9UAh6>.send_json/3
[mupf] serv │         ┌─< create_send_task/2                                           <- <_WindowsSelectorEventLoop running=True closed=False debug=False>, <websockets.server.WebSocketServerProtocol object at 0x0000000003621EB8>, '[0,3,"*getcmds*",{"args":[],"kwargs":{}}]'
[mupf] serv │         └─> create_send_task/2
[mupf] serv │         ┌─< Client<WebBrowser L9UAh6>.decode_json/2                      <- '[1,3,0,{"result":["*first*","*last*","*install*","*features*","*get*","*set*","*call*","*gc*","*getcmds*"]}]'
[mupf] serv │         └─> Client<WebBrowser L9UAh6>.decode_json/2                      -> [1, 3, 0, {'result': ['*first*', '*last*', '*install*', '*features*', '*get*', '*set*', '*call*', '*gc*', '*getcmds*']}]
[mupf] serv │         ┌─< _app.py/websocket_going_to_sleep/3                           <- <websockets.server.WebSocketServerProtocol object at 0x0000000003621EB8>
[mupf] serv │         └─> _app.py/websocket_going_to_sleep/3
[mupf] main │┌─< Client<WebBrowser L9UAh6>.summoned/0
[mupf] main │└─> Client<WebBrowser L9UAh6>.summoned/0
[mupf] main └─> App.summon_client/0                                                    -> <WebBrowser L9UAh6>
[mupf] main ┌─< Client<WebBrowser L9UAh6>.send_json/4                                  <- [0, 4, '*get*', {'args': (["~@",0], 'document'), 'kwargs': {}}]
[mupf] serv │         ┌─< create_send_task/3                                           <- <_WindowsSelectorEventLoop running=True closed=False debug=False>, <websockets.server.WebSocketServerProtocol object at 0x0000000003621EB8>, '[0,4,"*get*",["~",{"args":[["~@",0],"document"],"kwargs":{}},{"c":1}]]'
[mupf] main └─────────┼─> Client<WebBrowser L9UAh6>.send_json/4
[mupf] serv           └─> create_send_task/3
[mupf] serv           ┌─< Client<WebBrowser L9UAh6>.decode_json/3                      <- '[1,4,0,["~",{"result":["~@",1,null]},{"c":1}]]'
[mupf] serv           │┌─< Client<WebBrowser L9UAh6>.get_remote_obj/0                  <- 1, None
[mupf] serv           ││┌─< Client<WebBrowser L9UAh6>.get_remote_obj/1                 <- None
[mupf] serv           ││└─> Client<WebBrowser L9UAh6>.get_remote_obj/1
[mupf] serv           │└─> Client<WebBrowser L9UAh6>.get_remote_obj/1                  -> <mupf._remote.RemoteObj object at 0x00000000036550F0>
[mupf] serv           └─> Client<WebBrowser L9UAh6>.decode_json/3                      -> [1, 4, 0, {'result': <mupf._remote.RemoteObj object at 0x00000000036550F0>}]
[mupf] serv           ┌─< _app.py/websocket_going_to_sleep/4                           <- <websockets.server.WebSocketServerProtocol object at 0x0000000003621EB8>
[mupf] serv           └─> _app.py/websocket_going_to_sleep/4
[mupf] main ┌─< Client<WebBrowser L9UAh6>.send_json/5                                  <- [0, 5, '*get*', {'args': (["~@",1], 'createElement'), 'kwargs': {}}]
[mupf] serv │         ┌─< create_send_task/4                                           <- <_WindowsSelectorEventLoop running=True closed=False debug=False>, <websockets.server.WebSocketServerProtocol object at 0x0000000003621EB8>, '[0,5,"*get*",["~",{"args":[["~@",1],"createElement"],"kwargs":{}},{"c":1}]]'
[mupf] main └─────────┼─> Client<WebBrowser L9UAh6>.send_json/5
[mupf] serv           └─> create_send_task/4
[mupf] serv           ┌─< Client<WebBrowser L9UAh6>.decode_json/4                      <- '[1,5,0,["~",{"result":["~@",2,1]},{"c":1}]]'
[mupf] serv           │┌─< Client<WebBrowser L9UAh6>.get_remote_obj/2                  <- 2, 1
[mupf] serv           ││┌─< Client<WebBrowser L9UAh6>.get_remote_obj/3                 <- 1
[mupf] serv           ││└─> Client<WebBrowser L9UAh6>.get_remote_obj/3                 -> <mupf._remote.RemoteObj object at 0x00000000036550F0>
[mupf] serv           │└─> Client<WebBrowser L9UAh6>.get_remote_obj/3                  -> <mupf._remote.RemoteObj object at 0x0000000003655128>
[mupf] serv           └─> Client<WebBrowser L9UAh6>.decode_json/4                      -> [1, 5, 0, {'result': <mupf._remote.RemoteObj object at 0x0000000003655128>}]
[mupf] serv           ┌─< _app.py/websocket_going_to_sleep/5                           <- <websockets.server.WebSocketServerProtocol object at 0x0000000003621EB8>
[mupf] serv           └─> _app.py/websocket_going_to_sleep/5
[mupf] main ┌─< Client<WebBrowser L9UAh6>.send_json/6                                  <- [0, 6, '*get*', {'args': (["~@",0], 'document'), 'kwargs': {}}]
[mupf] serv │         ┌─< create_send_task/5                                           <- <_WindowsSelectorEventLoop running=True closed=False debug=False>, <websockets.server.WebSocketServerProtocol object at 0x0000000003621EB8>, '[0,6,"*get*",["~",{"args":[["~@",0],"document"],"kwargs":{}},{"c":1}]]'
[mupf] main └─────────┼─> Client<WebBrowser L9UAh6>.send_json/6
[mupf] serv           └─> create_send_task/5
[mupf] serv           ┌─< Client<WebBrowser L9UAh6>.decode_json/5                      <- '[1,6,0,["~",{"result":["~@",1,null]},{"c":1}]]'
[mupf] serv           │┌─< Client<WebBrowser L9UAh6>.get_remote_obj/4                  <- 1, None
[mupf] serv           │└─> Client<WebBrowser L9UAh6>.get_remote_obj/4                  -> <mupf._remote.RemoteObj object at 0x00000000036550F0>
[mupf] serv           └─> Client<WebBrowser L9UAh6>.decode_json/5                      -> [1, 6, 0, {'result': <mupf._remote.RemoteObj object at 0x00000000036550F0>}]
[mupf] serv           ┌─< _app.py/websocket_going_to_sleep/6                           <- <websockets.server.WebSocketServerProtocol object at 0x0000000003621EB8>
[mupf] main ┌─────────┼─< Client<WebBrowser L9UAh6>.send_json/7                        <- [0, 7, '*get*', {'args': (["~@",1], 'body'), 'kwargs': {}}]
[mupf] serv │         └─> _app.py/websocket_going_to_sleep/6
[mupf] main └─> Client<WebBrowser L9UAh6>.send_json/7
[mupf] serv           ┌─< create_send_task/6                                           <- <_WindowsSelectorEventLoop running=True closed=False debug=False>, <websockets.server.WebSocketServerProtocol object at 0x0000000003621EB8>, '[0,7,"*get*",["~",{"args":[["~@",1],"body"],"kwargs":{}},{"c":1}]]'
[mupf] serv           └─> create_send_task/6
[mupf] serv           ┌─< Client<WebBrowser L9UAh6>.decode_json/6                      <- '[1,7,0,["~",{"result":["~@",3,null]},{"c":1}]]'
[mupf] serv           │┌─< Client<WebBrowser L9UAh6>.get_remote_obj/5                  <- 3, None
[mupf] serv           ││┌─< Client<WebBrowser L9UAh6>.get_remote_obj/6                 <- None
[mupf] serv           ││└─> Client<WebBrowser L9UAh6>.get_remote_obj/6
[mupf] serv           │└─> Client<WebBrowser L9UAh6>.get_remote_obj/6                  -> <mupf._remote.RemoteObj object at 0x0000000003645F60>
[mupf] serv           └─> Client<WebBrowser L9UAh6>.decode_json/6                      -> [1, 7, 0, {'result': <mupf._remote.RemoteObj object at 0x0000000003645F60>}]
[mupf] serv           ┌─< _app.py/websocket_going_to_sleep/7                           <- <websockets.server.WebSocketServerProtocol object at 0x0000000003621EB8>
[mupf] serv           └─> _app.py/websocket_going_to_sleep/7
[mupf] main ┌─< Client<WebBrowser L9UAh6>.send_json/8                                  <- [0, 8, '*get*', {'args': (["~@",3], 'appendChild'), 'kwargs': {}}]
[mupf] serv │         ┌─< create_send_task/7                                           <- <_WindowsSelectorEventLoop running=True closed=False debug=False>, <websockets.server.WebSocketServerProtocol object at 0x0000000003621EB8>, '[0,8,"*get*",["~",{"args":[["~@",3],"appendChild"],"kwargs":{}},{"c":1}]]'
[mupf] main └─────────┼─> Client<WebBrowser L9UAh6>.send_json/8
[mupf] serv           └─> create_send_task/7
[mupf] serv           ┌─< Client<WebBrowser L9UAh6>.decode_json/7                      <- '[1,8,0,["~",{"result":["~@",4,3]},{"c":1}]]'
[mupf] serv           │┌─< Client<WebBrowser L9UAh6>.get_remote_obj/7                  <- 4, 3
[mupf] serv           ││┌─< Client<WebBrowser L9UAh6>.get_remote_obj/8                 <- 3
[mupf] serv           ││└─> Client<WebBrowser L9UAh6>.get_remote_obj/8                 -> <mupf._remote.RemoteObj object at 0x0000000003645F60>
[mupf] serv           │└─> Client<WebBrowser L9UAh6>.get_remote_obj/8                  -> <mupf._remote.RemoteObj object at 0x0000000003655198>
[mupf] serv           └─> Client<WebBrowser L9UAh6>.decode_json/7                      -> [1, 8, 0, {'result': <mupf._remote.RemoteObj object at 0x0000000003655198>}]
[mupf] serv           ┌─< _app.py/websocket_going_to_sleep/8                           <- <websockets.server.WebSocketServerProtocol object at 0x0000000003621EB8>
[mupf] serv           └─> _app.py/websocket_going_to_sleep/8
[mupf] main ┌─< Client<WebBrowser L9UAh6>.send_json/9                                  <- [0, 9, '*call*', {'args': ('button',), 'kwargs': {'id': 2, 'this_': ["~@",1]}}]
[mupf] serv │         ┌─< create_send_task/8                                           <- <_WindowsSelectorEventLoop running=True closed=False debug=False>, <websockets.server.WebSocketServerProtocol object at 0x0000000003621EB8>, '[0,9,"*call*",["~",{"args":["button"],"kwargs":{"id":2,"this_":["~@",1]}},{"c":1}]]'
[mupf] main └─────────┼─> Client<WebBrowser L9UAh6>.send_json/9
[mupf] serv           └─> create_send_task/8
[mupf] serv           ┌─< Client<WebBrowser L9UAh6>.decode_json/8                      <- '[1,9,0,["~",{"result":["~@",5,null]},{"c":1}]]'
[mupf] serv           │┌─< Client<WebBrowser L9UAh6>.get_remote_obj/9                  <- 5, None
[mupf] serv           ││┌─< Client<WebBrowser L9UAh6>.get_remote_obj/10                <- None
[mupf] serv           ││└─> Client<WebBrowser L9UAh6>.get_remote_obj/10
[mupf] serv           │└─> Client<WebBrowser L9UAh6>.get_remote_obj/10                 -> <mupf._remote.RemoteObj object at 0x0000000003655320>
[mupf] serv           └─> Client<WebBrowser L9UAh6>.decode_json/8                      -> [1, 9, 0, {'result': <mupf._remote.RemoteObj object at 0x0000000003655320>}]
[mupf] serv           ┌─< _app.py/websocket_going_to_sleep/9                           <- <websockets.server.WebSocketServerProtocol object at 0x0000000003621EB8>
[mupf] main ┌─────────┼─< Client<WebBrowser L9UAh6>.send_json/10                       <- [0, 10, '*call*', {'args': ('input',), 'kwargs': {'id': 2, 'this_': ["~@",1]}}]
[mupf] serv │         └─> _app.py/websocket_going_to_sleep/9
[mupf] main └─> Client<WebBrowser L9UAh6>.send_json/10
[mupf] serv           ┌─< create_send_task/9                                           <- <_WindowsSelectorEventLoop running=True closed=False debug=False>, <websockets.server.WebSocketServerProtocol object at 0x0000000003621EB8>, '[0,10,"*call*",["~",{"args":["input"],"kwargs":{"id":2,"this_":["~@",1]}},{"c":1}]]'
[mupf] serv           └─> create_send_task/9
[mupf] serv           ┌─< Client<WebBrowser L9UAh6>.decode_json/9                      <- '[1,10,0,["~",{"result":["~@",6,null]},{"c":1}]]'
[mupf] serv           │┌─< Client<WebBrowser L9UAh6>.get_remote_obj/11                 <- 6, None
[mupf] serv           ││┌─< Client<WebBrowser L9UAh6>.get_remote_obj/12                <- None
[mupf] serv           ││└─> Client<WebBrowser L9UAh6>.get_remote_obj/12
[mupf] serv           │└─> Client<WebBrowser L9UAh6>.get_remote_obj/12                 -> <mupf._remote.RemoteObj object at 0x0000000003655438>
[mupf] serv           └─> Client<WebBrowser L9UAh6>.decode_json/9                      -> [1, 10, 0, {'result': <mupf._remote.RemoteObj object at 0x0000000003655438>}]
[mupf] serv           ┌─< _app.py/websocket_going_to_sleep/10                          <- <websockets.server.WebSocketServerProtocol object at 0x0000000003621EB8>
[mupf] main ┌─────────┼─< Client<WebBrowser L9UAh6>.send_json/11                       <- [0, 11, '*call*', {'args': (["~@",6],), 'kwargs': {'id': 4, 'this_': ["~@",3]}}]
[mupf] serv │         └─> _app.py/websocket_going_to_sleep/10
[mupf] main └─> Client<WebBrowser L9UAh6>.send_json/11
[mupf] serv           ┌─< create_send_task/10                                          <- <_WindowsSelectorEventLoop running=True closed=False debug=False>, <websockets.server.WebSocketServerProtocol object at 0x0000000003621EB8>, '[0,11,"*call*",["~",{"args":[["~@",6]],"kwargs":{"id":4,"this_":["~@",3]}},{"c":2}]]'
[mupf] serv           └─> create_send_task/10
[mupf] serv           ┌─< Client<WebBrowser L9UAh6>.decode_json/10                     <- '[1,11,0,["~",{"result":["~@",6,null]},{"c":1}]]'
[mupf] serv           │┌─< Client<WebBrowser L9UAh6>.get_remote_obj/13                 <- 6, None
[mupf] serv           │└─> Client<WebBrowser L9UAh6>.get_remote_obj/13                 -> <mupf._remote.RemoteObj object at 0x0000000003655438>
[mupf] serv           └─> Client<WebBrowser L9UAh6>.decode_json/10                     -> [1, 11, 0, {'result': <mupf._remote.RemoteObj object at 0x0000000003655438>}]
[mupf] serv           ┌─< _app.py/websocket_going_to_sleep/11                          <- <websockets.server.WebSocketServerProtocol object at 0x0000000003621EB8>
[mupf] serv           └─> _app.py/websocket_going_to_sleep/11
[mupf] main ┌─< Client<WebBrowser L9UAh6>.send_json/12                                 <- [0, 12, '*call*', {'args': (["~@",5],), 'kwargs': {'id': 4, 'this_': ["~@",3]}}]
[mupf] serv │         ┌─< create_send_task/11                                          <- <_WindowsSelectorEventLoop running=True closed=False debug=False>, <websockets.server.WebSocketServerProtocol object at 0x0000000003621EB8>, '[0,12,"*call*",["~",{"args":[["~@",5]],"kwargs":{"id":4,"this_":["~@",3]}},{"c":2}]]'
[mupf] main └─────────┼─> Client<WebBrowser L9UAh6>.send_json/12
[mupf] serv           └─> create_send_task/11
[mupf] serv           ┌─< Client<WebBrowser L9UAh6>.decode_json/11                     <- '[1,12,0,["~",{"result":["~@",5,null]},{"c":1}]]'
[mupf] serv           │┌─< Client<WebBrowser L9UAh6>.get_remote_obj/14                 <- 5, None
[mupf] serv           │└─> Client<WebBrowser L9UAh6>.get_remote_obj/14                 -> <mupf._remote.RemoteObj object at 0x0000000003655320>
[mupf] serv           └─> Client<WebBrowser L9UAh6>.decode_json/11                     -> [1, 12, 0, {'result': <mupf._remote.RemoteObj object at 0x0000000003655320>}]
[mupf] serv           ┌─< _app.py/websocket_going_to_sleep/12                          <- <websockets.server.WebSocketServerProtocol object at 0x0000000003621EB8>
[mupf] serv           └─> _app.py/websocket_going_to_sleep/12
[mupf] main ┌─< Client<WebBrowser L9UAh6>.send_json/13                                 <- [0, 13, '*call*', {'args': ('br',), 'kwargs': {'id': 2, 'this_': ["~@",1]}}]
[mupf] serv │         ┌─< create_send_task/12                                          <- <_WindowsSelectorEventLoop running=True closed=False debug=False>, <websockets.server.WebSocketServerProtocol object at 0x0000000003621EB8>, '[0,13,"*call*",["~",{"args":["br"],"kwargs":{"id":2,"this_":["~@",1]}},{"c":1}]]'
[mupf] main └─────────┼─> Client<WebBrowser L9UAh6>.send_json/13
[mupf] serv           └─> create_send_task/12
[mupf] serv           ┌─< Client<WebBrowser L9UAh6>.decode_json/12                     <- '[1,13,0,["~",{"result":["~@",7,null]},{"c":1}]]'
[mupf] serv           │┌─< Client<WebBrowser L9UAh6>.get_remote_obj/15                 <- 7, None
[mupf] serv           ││┌─< Client<WebBrowser L9UAh6>.get_remote_obj/16                <- None
[mupf] serv           ││└─> Client<WebBrowser L9UAh6>.get_remote_obj/16
[mupf] serv           │└─> Client<WebBrowser L9UAh6>.get_remote_obj/16                 -> <mupf._remote.RemoteObj object at 0x00000000036554E0>
[mupf] serv           └─> Client<WebBrowser L9UAh6>.decode_json/12                     -> [1, 13, 0, {'result': <mupf._remote.RemoteObj object at 0x00000000036554E0>}]
[mupf] serv           ┌─< _app.py/websocket_going_to_sleep/13                          <- <websockets.server.WebSocketServerProtocol object at 0x0000000003621EB8>
[mupf] serv           └─> _app.py/websocket_going_to_sleep/13
[mupf] main ┌─< Client<WebBrowser L9UAh6>.send_json/14                                 <- [0, 14, '*call*', {'args': (["~@",7],), 'kwargs': {'id': 4, 'this_': ["~@",3]}}]
[mupf] main └─> Client<WebBrowser L9UAh6>.send_json/14
[mupf] serv           ┌─< create_send_task/13                                          <- <_WindowsSelectorEventLoop running=True closed=False debug=False>, <websockets.server.WebSocketServerProtocol object at 0x0000000003621EB8>, '[0,14,"*call*",["~",{"args":[["~@",7]],"kwargs":{"id":4,"this_":["~@",3]}},{"c":2}]]'
[mupf] serv           └─> create_send_task/13
[mupf] serv           ┌─< Client<WebBrowser L9UAh6>.decode_json/13                     <- '[1,14,0,["~",{"result":["~@",7,null]},{"c":1}]]'
[mupf] serv           │┌─< Client<WebBrowser L9UAh6>.get_remote_obj/17                 <- 7, None
[mupf] serv           │└─> Client<WebBrowser L9UAh6>.get_remote_obj/17                 -> <mupf._remote.RemoteObj object at 0x00000000036554E0>
[mupf] serv           └─> Client<WebBrowser L9UAh6>.decode_json/13                     -> [1, 14, 0, {'result': <mupf._remote.RemoteObj object at 0x00000000036554E0>}]
[mupf] serv           ┌─< _app.py/websocket_going_to_sleep/14                          <- <websockets.server.WebSocketServerProtocol object at 0x0000000003621EB8>
[mupf] serv           └─> _app.py/websocket_going_to_sleep/14
[mupf] main ┌─< Client<WebBrowser L9UAh6>.send_json/15                                 <- [0, 15, '*set*', {'args': (["~@",5], 'textContent', 'SHA256'), 'kwargs': {}}]
[mupf] main └─> Client<WebBrowser L9UAh6>.send_json/15
[mupf] serv           ┌─< create_send_task/14                                          <- <_WindowsSelectorEventLoop running=True closed=False debug=False>, <websockets.server.WebSocketServerProtocol object at 0x0000000003621EB8>, '[0,15,"*set*",["~",{"args":[["~@",5],"textContent","SHA256"],"kwargs":{}},{"c":1}]]'
[mupf] serv           └─> create_send_task/14
[mupf] serv           ┌─< Client<WebBrowser L9UAh6>.decode_json/14                     <- '[1,15,0,{"result":null}]'
[mupf] serv           └─> Client<WebBrowser L9UAh6>.decode_json/14                     -> [1, 15, 0, {'result': None}]
[mupf] serv           ┌─< Client<WebBrowser L9UAh6>.send_json/16                       <- [2, 16, '*gc*', {'args': (7,), 'kwargs': {}}]
[mupf] serv           └─> Client<WebBrowser L9UAh6>.send_json/16
[mupf] serv           ┌─< _app.py/websocket_going_to_sleep/15                          <- <websockets.server.WebSocketServerProtocol object at 0x0000000003621EB8>
[mupf] serv           └─> _app.py/websocket_going_to_sleep/15
[mupf] main ┌─< Client<WebBrowser L9UAh6>._wrap_callback/0                             <- <function button_click at 0x00000000024FA9D8>
[mupf] serv │         ┌─< create_send_task/15                                          <- <_WindowsSelectorEventLoop running=True closed=False debug=False>, <websockets.server.WebSocketServerProtocol object at 0x0000000003621EB8>, '[2,16,"*gc*",{"args":[7],"kwargs":{}}]'
[mupf] main └─────────┼─> Client<WebBrowser L9UAh6>._wrap_callback/0                   -> ["~$",null,0]
[mupf] serv           └─> create_send_task/15
[mupf] main ┌─< Client<WebBrowser L9UAh6>.send_json/17                                 <- [0, 17, '*set*', {'args': (["~@",5], 'onclick', ["~$",null,0]), 'kwargs': {}}]
[mupf] main └─> Client<WebBrowser L9UAh6>.send_json/17
[mupf] serv           ┌─< create_send_task/16                                          <- <_WindowsSelectorEventLoop running=True closed=False debug=False>, <websockets.server.WebSocketServerProtocol object at 0x0000000003621EB8>, '[0,17,"*set*",["~",{"args":[["~@",5],"onclick",["~$",null,0]],"kwargs":{}},{"c":2}]]'
[mupf] serv           └─> create_send_task/16
[mupf] serv           ┌─< Client<WebBrowser L9UAh6>.decode_json/15                     <- '[1,17,0,{"result":null}]'
[mupf] serv           └─> Client<WebBrowser L9UAh6>.decode_json/15                     -> [1, 17, 0, {'result': None}]
[mupf] serv           ┌─< _app.py/websocket_going_to_sleep/16                          <- <websockets.server.WebSocketServerProtocol object at 0x0000000003621EB8>
[mupf] serv           └─> _app.py/websocket_going_to_sleep/16
[mupf] main ┌─< Client<WebBrowser L9UAh6>.__bool__/0
[mupf] main └─> Client<WebBrowser L9UAh6>.__bool__/0                                   -> True
[mupf] main ┌─< Client<WebBrowser L9UAh6>.run_one_callback_blocking/0
[mupf] serv │         ┌─< Client<WebBrowser L9UAh6>.decode_json/16                     <- '[5,0,0,["~",{"args":[["~@",8,null]]},{"c":1}]]'
[mupf] serv │         │┌─< Client<WebBrowser L9UAh6>.get_remote_obj/18                 <- 8, None
[mupf] serv │         ││┌─< Client<WebBrowser L9UAh6>.get_remote_obj/19                <- None
[mupf] serv │         ││└─> Client<WebBrowser L9UAh6>.get_remote_obj/19
[mupf] serv │         │└─> Client<WebBrowser L9UAh6>.get_remote_obj/19                 -> <mupf._remote.RemoteObj object at 0x0000000003645EB8>
[mupf] serv │         └─> Client<WebBrowser L9UAh6>.decode_json/16                     -> [5, 0, 0, {'args': [<mupf._remote.RemoteObj object at 0x0000000003645EB8>]}]
[mupf] serv │         ┌─< Client<WebBrowser L9UAh6>.shedule_callback/0                 <- 0, 0, {'args': [<mupf._remote.RemoteObj object at 0x0000000003645EB8>]}
[mupf] serv │         │┌─< CallbackTask.__init__/0                                     <- <WebBrowser L9UAh6>, 0, 0, {'args': [<mupf._remote.RemoteObj object at 0x0000000003645EB8>]}
[mupf] serv │         │└─> CallbackTask.__init__/0
[mupf] serv │         └─> Client<WebBrowser L9UAh6>.shedule_callback/0
[mupf] main │┌─< CallbackTask.run/0
[mupf] serv ││        ┌─< _app.py/websocket_going_to_sleep/17                          <- <websockets.server.WebSocketServerProtocol object at 0x0000000003621EB8>
[mupf] serv ││        └─> _app.py/websocket_going_to_sleep/17
[mupf] main ││┌─< Client<WebBrowser L9UAh6>.send_json/18                               <- [0, 18, '*get*', {'args': (["~@",6], 'value'), 'kwargs': {}}]
[mupf] serv │││       ┌─< create_send_task/17                                          <- <_WindowsSelectorEventLoop running=True closed=False debug=False>, <websockets.server.WebSocketServerProtocol object at 0x0000000003621EB8>, '[0,18,"*get*",["~",{"args":[["~@",6],"value"],"kwargs":{}},{"c":1}]]'
[mupf] main ││└───────┼─> Client<WebBrowser L9UAh6>.send_json/18
[mupf] serv ││        └─> create_send_task/17
[mupf] serv ││        ┌─< Client<WebBrowser L9UAh6>.decode_json/17                     <- '[1,18,0,{"result":"haha"}]'
[mupf] serv ││        └─> Client<WebBrowser L9UAh6>.decode_json/17                     -> [1, 18, 0, {'result': 'haha'}]
[mupf] serv ││        ┌─< _app.py/websocket_going_to_sleep/18                          <- <websockets.server.WebSocketServerProtocol object at 0x0000000003621EB8>
[mupf] serv ││        └─> _app.py/websocket_going_to_sleep/18
[mupf] main ││┌─< Client<WebBrowser L9UAh6>.send_json/19                               <- [0, 19, '*call*', {'args': ('span',), 'kwargs': {'id': 2, 'this_': ["~@",1]}}]
[mupf] serv │││       ┌─< create_send_task/18                                          <- <_WindowsSelectorEventLoop running=True closed=False debug=False>, <websockets.server.WebSocketServerProtocol object at 0x0000000003621EB8>, '[0,19,"*call*",["~",{"args":["span"],"kwargs":{"id":2,"this_":["~@",1]}},{"c":1}]]'
[mupf] serv │││       └─> create_send_task/18
[mupf] main ││└─> Client<WebBrowser L9UAh6>.send_json/19
[mupf] serv ││        ┌─< Client<WebBrowser L9UAh6>.decode_json/18                     <- '[1,19,0,["~",{"result":["~@",9,null]},{"c":1}]]'
[mupf] serv ││        │┌─< Client<WebBrowser L9UAh6>.get_remote_obj/20                 <- 9, None
[mupf] serv ││        ││┌─< Client<WebBrowser L9UAh6>.get_remote_obj/21                <- None
[mupf] serv ││        ││└─> Client<WebBrowser L9UAh6>.get_remote_obj/21
[mupf] serv ││        │└─> Client<WebBrowser L9UAh6>.get_remote_obj/21                 -> <mupf._remote.RemoteObj object at 0x0000000003655668>
[mupf] serv ││        └─> Client<WebBrowser L9UAh6>.decode_json/18                     -> [1, 19, 0, {'result': <mupf._remote.RemoteObj object at 0x0000000003655668>}]
[mupf] serv ││        ┌─< _app.py/websocket_going_to_sleep/19                          <- <websockets.server.WebSocketServerProtocol object at 0x0000000003621EB8>
[mupf] serv ││        └─> _app.py/websocket_going_to_sleep/19
[mupf] main ││┌─< Client<WebBrowser L9UAh6>.send_json/20                               <- [0, 20, '*set*', {'args': (["~@",9], 'innerHTML', "SHA256('haha') = 090b235e9eb8f197f2dd927937222c570396d971222d9009a9189e2b6cc0a2c1"), 'kwargs': {}}]
[mupf] serv │││       ┌─< create_send_task/19                                          <- <_WindowsSelectorEventLoop running=True closed=False debug=False>, <websockets.server.WebSocketServerProtocol object at 0x0000000003621EB8>, '[0,20,"*set*",["~",{"args":[["~@",9],"innerHTML","SHA256(\'haha\') = 090b235e9eb8f197f2dd927937222c570396d971222d9009a9189e2b6cc0a2c1"],"kwargs":{}},{"c":1}]]'
[mupf] main ││└───────┼─> Client<WebBrowser L9UAh6>.send_json/20
[mupf] serv ││        └─> create_send_task/19
[mupf] serv ││        ┌─< Client<WebBrowser L9UAh6>.decode_json/19                     <- '[1,20,0,{"result":null}]'
[mupf] serv ││        └─> Client<WebBrowser L9UAh6>.decode_json/19                     -> [1, 20, 0, {'result': None}]
[mupf] serv ││        ┌─< _app.py/websocket_going_to_sleep/20                          <- <websockets.server.WebSocketServerProtocol object at 0x0000000003621EB8>
[mupf] serv ││        └─> _app.py/websocket_going_to_sleep/20
[mupf] main ││┌─< Client<WebBrowser L9UAh6>.send_json/21                               <- [0, 21, '*call*', {'args': (["~@",9],), 'kwargs': {'id': 4, 'this_': ["~@",3]}}]
[mupf] serv │││       ┌─< create_send_task/20                                          <- <_WindowsSelectorEventLoop running=True closed=False debug=False>, <websockets.server.WebSocketServerProtocol object at 0x0000000003621EB8>, '[0,21,"*call*",["~",{"args":[["~@",9]],"kwargs":{"id":4,"this_":["~@",3]}},{"c":2}]]'
[mupf] main ││└───────┼─> Client<WebBrowser L9UAh6>.send_json/21
[mupf] serv ││        └─> create_send_task/20
[mupf] serv ││        ┌─< Client<WebBrowser L9UAh6>.decode_json/20                     <- '[1,21,0,["~",{"result":["~@",9,null]},{"c":1}]]'
[mupf] serv ││        │┌─< Client<WebBrowser L9UAh6>.get_remote_obj/22                 <- 9, None
[mupf] serv ││        │└─> Client<WebBrowser L9UAh6>.get_remote_obj/22                 -> <mupf._remote.RemoteObj object at 0x0000000003655668>
[mupf] serv ││        └─> Client<WebBrowser L9UAh6>.decode_json/20                     -> [1, 21, 0, {'result': <mupf._remote.RemoteObj object at 0x0000000003655668>}]
[mupf] serv ││        ┌─< _app.py/websocket_going_to_sleep/21                          <- <websockets.server.WebSocketServerProtocol object at 0x0000000003621EB8>
[mupf] serv ││        └─> _app.py/websocket_going_to_sleep/21
[mupf] main ││┌─< Client<WebBrowser L9UAh6>.send_json/22                               <- [0, 22, '*call*', {'args': ('br',), 'kwargs': {'id': 2, 'this_': ["~@",1]}}]
[mupf] serv │││       ┌─< create_send_task/21                                          <- <_WindowsSelectorEventLoop running=True closed=False debug=False>, <websockets.server.WebSocketServerProtocol object at 0x0000000003621EB8>, '[0,22,"*call*",["~",{"args":["br"],"kwargs":{"id":2,"this_":["~@",1]}},{"c":1}]]'
[mupf] main ││└───────┼─> Client<WebBrowser L9UAh6>.send_json/22
[mupf] serv ││        └─> create_send_task/21
[mupf] serv ││        ┌─< Client<WebBrowser L9UAh6>.decode_json/21                     <- '[1,22,0,["~",{"result":["~@",10,null]},{"c":1}]]'
[mupf] serv ││        │┌─< Client<WebBrowser L9UAh6>.get_remote_obj/23                 <- 10, None
[mupf] serv ││        ││┌─< Client<WebBrowser L9UAh6>.get_remote_obj/24                <- None
[mupf] serv ││        ││└─> Client<WebBrowser L9UAh6>.get_remote_obj/24
[mupf] serv ││        │└─> Client<WebBrowser L9UAh6>.get_remote_obj/24                 -> <mupf._remote.RemoteObj object at 0x0000000003655748>
[mupf] serv ││        └─> Client<WebBrowser L9UAh6>.decode_json/21                     -> [1, 22, 0, {'result': <mupf._remote.RemoteObj object at 0x0000000003655748>}]
[mupf] serv ││        ┌─< _app.py/websocket_going_to_sleep/22                          <- <websockets.server.WebSocketServerProtocol object at 0x0000000003621EB8>
[mupf] serv ││        └─> _app.py/websocket_going_to_sleep/22
[mupf] main ││┌─< Client<WebBrowser L9UAh6>.send_json/23                               <- [0, 23, '*call*', {'args': (["~@",10],), 'kwargs': {'id': 4, 'this_': ["~@",3]}}]
[mupf] serv │││       ┌─< create_send_task/22                                          <- <_WindowsSelectorEventLoop running=True closed=False debug=False>, <websockets.server.WebSocketServerProtocol object at 0x0000000003621EB8>, '[0,23,"*call*",["~",{"args":[["~@",10]],"kwargs":{"id":4,"this_":["~@",3]}},{"c":2}]]'
[mupf] main ││└───────┼─> Client<WebBrowser L9UAh6>.send_json/23
[mupf] serv ││        └─> create_send_task/22
[mupf] serv ││        ┌─< Client<WebBrowser L9UAh6>.decode_json/22                     <- '[1,23,0,["~",{"result":["~@",10,null]},{"c":1}]]'
[mupf] serv ││        │┌─< Client<WebBrowser L9UAh6>.get_remote_obj/25                 <- 10, None
[mupf] serv ││        │└─> Client<WebBrowser L9UAh6>.get_remote_obj/25                 -> <mupf._remote.RemoteObj object at 0x0000000003655748>
[mupf] serv ││        └─> Client<WebBrowser L9UAh6>.decode_json/22                     -> [1, 23, 0, {'result': <mupf._remote.RemoteObj object at 0x0000000003655748>}]
[mupf] serv ││        ┌─< _app.py/websocket_going_to_sleep/23                          <- <websockets.server.WebSocketServerProtocol object at 0x0000000003621EB8>
[mupf] main ││┌───────┼─< Client<WebBrowser L9UAh6>.send_json/24                       <- [2, 24, '*gc*', {'args': (9,), 'kwargs': {}}]
[mupf] serv │││       └─> _app.py/websocket_going_to_sleep/23
[mupf] main ││└─> Client<WebBrowser L9UAh6>.send_json/24
[mupf] serv ││        ┌─< create_send_task/23                                          <- <_WindowsSelectorEventLoop running=True closed=False debug=False>, <websockets.server.WebSocketServerProtocol object at 0x0000000003621EB8>, '[2,24,"*gc*",{"args":[9],"kwargs":{}}]'
[mupf] main ││┌───────┼─< Client<WebBrowser L9UAh6>.send_json/25                       <- [6, 0, 0, None]
[mupf] serv │││       └─> create_send_task/23
[mupf] main ││└─> Client<WebBrowser L9UAh6>.send_json/25
[mupf] main │└─> CallbackTask.run/0
[mupf] main │┌─< Client<WebBrowser L9UAh6>.send_json/26                                <- [2, 25, '*gc*', {'args': (8,), 'kwargs': {}}]
[mupf] serv ││        ┌─< create_send_task/24                                          <- <_WindowsSelectorEventLoop running=True closed=False debug=False>, <websockets.server.WebSocketServerProtocol object at 0x0000000003621EB8>, '[6,0,0,null]'
[mupf] main │└────────┼─> Client<WebBrowser L9UAh6>.send_json/26
[mupf] serv │         └─> create_send_task/24
[mupf] main └─> Client<WebBrowser L9UAh6>.run_one_callback_blocking/0
[mupf] serv           ┌─< create_send_task/25                                          <- <_WindowsSelectorEventLoop running=True closed=False debug=False>, <websockets.server.WebSocketServerProtocol object at 0x0000000003621EB8>, '[2,25,"*gc*",{"args":[8],"kwargs":{}}]'
[mupf] main ┌─────────┼─< Client<WebBrowser L9UAh6>.__bool__/1
[mupf] main └─────────┼─> Client<WebBrowser L9UAh6>.__bool__/1                         -> True
[mupf] serv           └─> create_send_task/25
[mupf] main ┌─< Client<WebBrowser L9UAh6>.run_one_callback_blocking/1
[mupf] serv │         ┌─< Client<WebBrowser L9UAh6>.decode_json/23                     <- '[7,0,"*close*",{"result":null}]'
[mupf] serv │         └─> Client<WebBrowser L9UAh6>.decode_json/23                     -> [7, 0, '*close*', {'result': None}]
[mupf] serv │         ┌─< Client<WebBrowser L9UAh6>.send_json/27                       <- [2, 26, '*gc*', {'args': (10,), 'kwargs': {}}]
[mupf] serv │         └─> Client<WebBrowser L9UAh6>.send_json/27
[mupf] serv │         ┌─< Client<WebBrowser L9UAh6>.shedule_callback/1                 <- 0, '*close*', {'result': None}
[mupf] serv │         │┌─< CallbackTask.__init__/1                                     <- <WebBrowser L9UAh6>, 0, '*close*', {'result': None}
[mupf] serv │         │└─> CallbackTask.__init__/1
[mupf] serv │         └─> Client<WebBrowser L9UAh6>.shedule_callback/1
[mupf] serv │         ┌─< _app.py/websocket_request_end/0                              <- <websockets.server.WebSocketServerProtocol object at 0x0000000003621EB8>
[mupf] serv │         └─> _app.py/websocket_request_end/0
[mupf] main │┌─< CallbackTask.run/1
[mupf] main │└─> CallbackTask.run/1
[mupf] serv │         ┌─< create_send_task/26                                          <- <_WindowsSelectorEventLoop running=True closed=False debug=False>, <websockets.server.WebSocketServerProtocol object at 0x0000000003621EB8>, '[2,26,"*gc*",{"args":[10],"kwargs":{}}]'
[mupf] serv │         └─> create_send_task/26
[asyncio] Task exception was never retrieved
future: <Task finished coro=<send_task_body() done, defined at c:\users\g.kimbar\pycharmprojects\mupf_project\mupf\client\_base.py:14> exception=ConnectionClosed('WebSocket connection is closed: code = 1001 (going away), no reason')>
Traceback (most recent call last):
  File "c:\users\g.kimbar\pycharmprojects\mupf_project\mupf\client\_base.py", line 15, in send_task_body
    await wbs.send(json)
  File "c:\Users\G.Kimbar\PycharmProjects\mupf_project\venv\lib\site-packages\websockets\protocol.py", line 462, in send
    yield from self.ensure_open()
  File "c:\Users\G.Kimbar\PycharmProjects\mupf_project\venv\lib\site-packages\websockets\protocol.py", line 658, in ensure_open
    ) from self.transfer_data_exc
websockets.exceptions.ConnectionClosed: WebSocket connection is closed: code = 1001 (going away), no reason
[mupf] main └─> Client<WebBrowser L9UAh6>.run_one_callback_blocking/1
[mupf] main ┌─< Client<WebBrowser L9UAh6>.__bool__/2
[mupf] main └─> Client<WebBrowser L9UAh6>.__bool__/2                                   -> False
[mupf] main ┌─< App.__exit__/0                                                         <- None, None, None
[mupf] main │┌─< App.close/0
[mupf] main ││┌─< Client<WebBrowser L9UAh6>.close/0                                    <- _dont_remove_from_app=True
[mupf] main ││└─> Client<WebBrowser L9UAh6>.close/0
[mupf] main │└─> App.close/0
[mupf] main └─> App.__exit__/0
[mupf] serv           ┌─< _app.py/event_loop_closed/0                                  <- <_WindowsSelectorEventLoop running=False closed=True debug=False>
[mupf] serv           └─> _app.py/event_loop_closed/0
